<?xml version="1.0" encoding="UTF-8"?>
<!-- Generated by org.testng.reporters.JUnitReportReporter -->
<testsuite skipped="0" hostname="SudheerReddy" name="JavaProgram" tests="1" failures="0" timestamp="11 Sep 2018 09:24:31 GMT" time="0.013" errors="0">
  <testcase name="bubleSort" time="0.013" classname="JavaProgram"/>
</testsuite> <!-- JavaProgram -->
