<?xml version="1.0" encoding="UTF-8"?>
<!-- Generated by org.testng.reporters.JUnitReportReporter -->
<testsuite skipped="0" hostname="SudheerReddy" name="First" tests="1" failures="0" timestamp="06 Sep 2018 06:34:37 GMT" time="0.017" errors="0">
  <testcase name="factorial" time="0.017" classname="First"/>
</testsuite> <!-- First -->
